<?xml version="1.0" encoding="UTF-8"?>
<testng-results ignored="0" total="1" passed="1" failed="0" skipped="0">
  <reporter-output>
  </reporter-output>
  <suite started-at="2020-08-30T20:13:05 IST" name="Suite" finished-at="2020-08-30T20:13:21 IST" duration-ms="16137">
    <groups>
    </groups>
    <test started-at="2020-08-30T20:13:05 IST" name="Test" finished-at="2020-08-30T20:13:21 IST" duration-ms="16137">
      <class name="execution.ExecutionTest">
        <test-method is-config="true" signature="setup(java.lang.String)[pri:0, instance:execution.ExecutionTest@4df50bcc]" started-at="2020-08-30T20:13:05 IST" name="setup" finished-at="2020-08-30T20:13:16 IST" duration-ms="11051" status="PASS">
          <params>
            <param index="0">
              <value>
                <![CDATA[firefox]]>
              </value>
            </param>
          </params>
          <reporter-output>
          </reporter-output>
        </test-method> <!-- setup -->
        <test-method signature="fillForm()[pri:0, instance:execution.ExecutionTest@4df50bcc]" started-at="2020-08-30T20:13:16 IST" name="fillForm" finished-at="2020-08-30T20:13:19 IST" duration-ms="2643" status="PASS">
          <reporter-output>
          </reporter-output>
        </test-method> <!-- fillForm -->
        <test-method is-config="true" signature="tearDown(org.testng.ITestResult, org.testng.ITestContext)[pri:0, instance:execution.ExecutionTest@4df50bcc]" started-at="2020-08-30T20:13:19 IST" name="tearDown" finished-at="2020-08-30T20:13:19 IST" duration-ms="4" status="PASS">
          <params>
            <param index="0">
              <value>
                <![CDATA[[TestResult name=fillForm status=SUCCESS method=ExecutionTest.fillForm()[pri:0, instance:execution.ExecutionTest@4df50bcc] output={null}]]]>
              </value>
            </param>
            <param index="1">
              <value>
                <![CDATA[org.testng.TestRunner@db44aa2]]>
              </value>
            </param>
          </params>
          <reporter-output>
          </reporter-output>
        </test-method> <!-- tearDown -->
        <test-method is-config="true" signature="closeBrowser()[pri:0, instance:execution.ExecutionTest@4df50bcc]" started-at="2020-08-30T20:13:19 IST" name="closeBrowser" finished-at="2020-08-30T20:13:21 IST" duration-ms="2394" status="PASS">
          <reporter-output>
          </reporter-output>
        </test-method> <!-- closeBrowser -->
      </class> <!-- execution.ExecutionTest -->
    </test> <!-- Test -->
  </suite> <!-- Suite -->
</testng-results>
